# JRE version: OpenJDK Runtime Environment Temurin-17.0.3+7 (17.0.3+7) (build 17.0.3+7)
# Java VM: OpenJDK 64-Bit Server VM Temurin-17.0.3+7 (17.0.3+7, mixed mode, sharing, tiered, compressed oops, compressed class ptrs, g1 gc, windows-amd64)
GC Precious Log:
 CPUs: 16 total, 16 available
 Memory: 16110M
 Large Page Support: Disabled
 NUMA Support: Disabled
 Compressed Oops: Enabled (Zero based)
 Heap Region Size: 2M
 Heap Min Capacity: 512M
 Heap Initial Capacity: 512M
 Heap Max Capacity: 4072M
 Pre-touch: Disabled
 Parallel Workers: 13
 Concurrent Workers: 3
 Concurrent Refinement Workers: 13
 Periodic GC: Disabled
 String Deduplication is enabled
Heap:
 garbage-first heap   total 524288K, used 160861K [0x0000000701800000, 0x0000000800000000)
  region size 2048K, 5 young (10240K), 3 survivors (6144K)
 Metaspace       used 103073K, committed 103936K, reserved 1138688K
  class space    used 14893K, committed 15296K, reserved 1048576K
GC Heap History (20 events):
Event: 1316.423 GC heap before
{Heap before GC invocations=168 (full 14):
 garbage-first heap   total 524288K, used 217252K [0x0000000701800000, 0x0000000800000000)
  region size 2048K, 40 young (81920K), 2 survivors (4096K)
 Metaspace       used 102620K, committed 103424K, reserved 1138688K
  class space    used 14816K, committed 15232K, reserved 1048576K
}
Event: 1316.425 GC heap after
{Heap after GC invocations=169 (full 14):
 garbage-first heap   total 524288K, used 139539K [0x0000000701800000, 0x0000000800000000)
  region size 2048K, 2 young (4096K), 2 survivors (4096K)
 Metaspace       used 102620K, committed 103424K, reserved 1138688K
  class space    used 14816K, committed 15232K, reserved 1048576K
}
Event: 1334.512 GC heap before
{Heap before GC invocations=169 (full 14):
 garbage-first heap   total 524288K, used 233747K [0x0000000701800000, 0x0000000800000000)
  region size 2048K, 40 young (81920K), 2 survivors (4096K)
 Metaspace       used 102812K, committed 103616K, reserved 1138688K
  class space    used 14852K, committed 15232K, reserved 1048576K
}
Event: 1334.515 GC heap after
{Heap after GC invocations=170 (full 14):
 garbage-first heap   total 524288K, used 157394K [0x0000000701800000, 0x0000000800000000)
  region size 2048K, 2 young (4096K), 2 survivors (4096K)
 Metaspace       used 102812K, committed 103616K, reserved 1138688K
  class space    used 14852K, committed 15232K, reserved 1048576K
}
Event: 1356.629 GC heap before
{Heap before GC invocations=170 (full 14):
 garbage-first heap   total 524288K, used 251602K [0x0000000701800000, 0x0000000800000000)
  region size 2048K, 40 young (81920K), 2 survivors (4096K)
 Metaspace       used 102873K, committed 103680K, reserved 1138688K
  class space    used 14855K, committed 15232K, reserved 1048576K
}
Event: 1356.635 GC heap after
{Heap after GC invocations=171 (full 14):
 garbage-first heap   total 524288K, used 174418K [0x0000000701800000, 0x0000000800000000)
  region size 2048K, 3 young (6144K), 3 survivors (6144K)
 Metaspace       used 102873K, committed 103680K, reserved 1138688K
  class space    used 14855K, committed 15232K, reserved 1048576K
}
Event: 1416.302 GC heap before
{Heap before GC invocations=171 (full 14):
 garbage-first heap   total 524288K, used 266578K [0x0000000701800000, 0x0000000800000000)
  region size 2048K, 40 young (81920K), 3 survivors (6144K)
 Metaspace       used 102882K, committed 103680K, reserved 1138688K
  class space    used 14855K, committed 15232K, reserved 1048576K
}
Event: 1416.308 GC heap after
{Heap after GC invocations=172 (full 14):
 garbage-first heap   total 524288K, used 174890K [0x0000000701800000, 0x0000000800000000)
  region size 2048K, 3 young (6144K), 3 survivors (6144K)
 Metaspace       used 102882K, committed 103680K, reserved 1138688K
  class space    used 14855K, committed 15232K, reserved 1048576K
}
Event: 1518.816 GC heap before
{Heap before GC invocations=172 (full 14):
 garbage-first heap   total 524288K, used 250666K [0x0000000701800000, 0x0000000800000000)
  region size 2048K, 40 young (81920K), 3 survivors (6144K)
 Metaspace       used 102882K, committed 103680K, reserved 1138688K
  class space    used 14855K, committed 15232K, reserved 1048576K
}
Event: 1518.819 GC heap after
{Heap after GC invocations=173 (full 14):
 garbage-first heap   total 524288K, used 158469K [0x0000000701800000, 0x0000000800000000)
  region size 2048K, 3 young (6144K), 3 survivors (6144K)
 Metaspace       used 102882K, committed 103680K, reserved 1138688K
  class space    used 14855K, committed 15232K, reserved 1048576K
}
Event: 1519.226 GC heap before
{Heap before GC invocations=173 (full 14):
 garbage-first heap   total 524288K, used 234245K [0x0000000701800000, 0x0000000800000000)
  region size 2048K, 40 young (81920K), 3 survivors (6144K)
 Metaspace       used 102884K, committed 103680K, reserved 1138688K
  class space    used 14855K, committed 15232K, reserved 1048576K
}
Event: 1519.229 GC heap after
{Heap after GC invocations=174 (full 14):
 garbage-first heap   total 524288K, used 158121K [0x0000000701800000, 0x0000000800000000)
  region size 2048K, 3 young (6144K), 3 survivors (6144K)
 Metaspace       used 102884K, committed 103680K, reserved 1138688K
  class space    used 14855K, committed 15232K, reserved 1048576K
}
Event: 1519.540 GC heap before
{Heap before GC invocations=174 (full 14):
 garbage-first heap   total 524288K, used 233897K [0x0000000701800000, 0x0000000800000000)
  region size 2048K, 40 young (81920K), 3 survivors (6144K)
 Metaspace       used 102884K, committed 103680K, reserved 1138688K
  class space    used 14855K, committed 15232K, reserved 1048576K
}
Event: 1519.545 GC heap after
{Heap after GC invocations=175 (full 14):
 garbage-first heap   total 524288K, used 157882K [0x0000000701800000, 0x0000000800000000)
  region size 2048K, 3 young (6144K), 3 survivors (6144K)
 Metaspace       used 102884K, committed 103680K, reserved 1138688K
  class space    used 14855K, committed 15232K, reserved 1048576K
}
Event: 1520.065 GC heap before
{Heap before GC invocations=175 (full 14):
 garbage-first heap   total 524288K, used 233658K [0x0000000701800000, 0x0000000800000000)
  region size 2048K, 40 young (81920K), 3 survivors (6144K)
 Metaspace       used 102884K, committed 103680K, reserved 1138688K
  class space    used 14855K, committed 15232K, reserved 1048576K
}
Event: 1520.069 GC heap after
{Heap after GC invocations=176 (full 14):
 garbage-first heap   total 524288K, used 157874K [0x0000000701800000, 0x0000000800000000)
  region size 2048K, 3 young (6144K), 3 survivors (6144K)
 Metaspace       used 102884K, committed 103680K, reserved 1138688K
  class space    used 14855K, committed 15232K, reserved 1048576K
}
Event: 1539.462 GC heap before
{Heap before GC invocations=176 (full 14):
 garbage-first heap   total 524288K, used 233650K [0x0000000701800000, 0x0000000800000000)
  region size 2048K, 40 young (81920K), 3 survivors (6144K)
 Metaspace       used 103015K, committed 103808K, reserved 1138688K
  class space    used 14881K, committed 15232K, reserved 1048576K
}
Event: 1539.465 GC heap after
{Heap after GC invocations=177 (full 14):
 garbage-first heap   total 524288K, used 158323K [0x0000000701800000, 0x0000000800000000)
  region size 2048K, 3 young (6144K), 3 survivors (6144K)
 Metaspace       used 103015K, committed 103808K, reserved 1138688K
  class space    used 14881K, committed 15232K, reserved 1048576K
}
Event: 1587.664 GC heap before
{Heap before GC invocations=177 (full 14):
 garbage-first heap   total 524288K, used 234099K [0x0000000701800000, 0x0000000800000000)
  region size 2048K, 40 young (81920K), 3 survivors (6144K)
 Metaspace       used 103072K, committed 103936K, reserved 1138688K
  class space    used 14893K, committed 15296K, reserved 1048576K
}
Event: 1587.670 GC heap after
{Heap after GC invocations=178 (full 14):
 garbage-first heap   total 524288K, used 158813K [0x0000000701800000, 0x0000000800000000)
  region size 2048K, 3 young (6144K), 3 survivors (6144K)
 Metaspace       used 103072K, committed 103936K, reserved 1138688K
  class space    used 14893K, committed 15296K, reserved 1048576K
}

